<?xml version="1.0" encoding="UTF-8"?>
<!-- Generated by org.testng.reporters.JUnitReportReporter -->
<testsuite hostname="Shivu" failures="0" tests="1" name="Utilities.ReadPropertyFile" time="0.011" errors="0" timestamp="2025-03-12T21:02:55 IST" skipped="0">
  <testcase classname="Utilities.ReadPropertyFile" name="fileReader" time="0.011"/>
</testsuite> <!-- Utilities.ReadPropertyFile -->
